{"C:\\Users\\mbhar\\Desktop\\projects\\sysTasks\\calculator\\addition.js": {"path":"C:\\Users\\mbhar\\Desktop\\projects\\sysTasks\\calculator\\addition.js","statementMap":{"0":{"start":{"line":1,"column":0},"end":{"line":1,"column":26}},"1":{"start":{"line":4,"column":4},"end":{"line":4,"column":23}},"2":{"start":{"line":8,"column":4},"end":{"line":8,"column":23}}},"fnMap":{"0":{"name":"addition","decl":{"start":{"line":3,"column":9},"end":{"line":3,"column":17}},"loc":{"start":{"line":3,"column":29},"end":{"line":5,"column":1}},"line":3},"1":{"name":"add","decl":{"start":{"line":7,"column":9},"end":{"line":7,"column":12}},"loc":{"start":{"line":7,"column":24},"end":{"line":9,"column":1}},"line":7}},"branchMap":{},"s":{"0":1,"1":8,"2":0},"f":{"0":8,"1":0},"b":{},"_coverageSchema":"1a1c01bbd47fc00a2c39e90264f33305004495a9","hash":"cca243a22774023cb555d409a0c6934c7b9b88a0"}
,"C:\\Users\\mbhar\\Desktop\\projects\\sysTasks\\calculator\\multiplication.js": {"path":"C:\\Users\\mbhar\\Desktop\\projects\\sysTasks\\calculator\\multiplication.js","statementMap":{"0":{"start":{"line":1,"column":0},"end":{"line":1,"column":32}},"1":{"start":{"line":4,"column":4},"end":{"line":4,"column":23}}},"fnMap":{"0":{"name":"multiplication","decl":{"start":{"line":3,"column":9},"end":{"line":3,"column":23}},"loc":{"start":{"line":3,"column":35},"end":{"line":5,"column":1}},"line":3}},"branchMap":{},"s":{"0":1,"1":4},"f":{"0":4},"b":{},"_coverageSchema":"1a1c01bbd47fc00a2c39e90264f33305004495a9","hash":"85a81d7cfb9c68d7eceebbef13c764dc8f6a6b56"}
}
