{"D:\\Users\\manishbharti\\Desktop\\projects\\SysTasks\\calculator\\addition.js": {"path":"D:\\Users\\manishbharti\\Desktop\\projects\\SysTasks\\calculator\\addition.js","statementMap":{"0":{"start":{"line":1,"column":0},"end":{"line":1,"column":26}},"1":{"start":{"line":13,"column":4},"end":{"line":13,"column":23}},"2":{"start":{"line":17,"column":4},"end":{"line":17,"column":23}}},"fnMap":{"0":{"name":"addition","decl":{"start":{"line":12,"column":9},"end":{"line":12,"column":17}},"loc":{"start":{"line":12,"column":29},"end":{"line":14,"column":1}},"line":12},"1":{"name":"addTemp","decl":{"start":{"line":16,"column":9},"end":{"line":16,"column":16}},"loc":{"start":{"line":16,"column":28},"end":{"line":18,"column":1}},"line":16}},"branchMap":{},"s":{"0":1,"1":8,"2":0},"f":{"0":8,"1":0},"b":{},"_coverageSchema":"1a1c01bbd47fc00a2c39e90264f33305004495a9","hash":"0e007666109481d60028fe0f2166da8746fc3ac1"}
,"D:\\Users\\manishbharti\\Desktop\\projects\\SysTasks\\calculator\\multiplication.js": {"path":"D:\\Users\\manishbharti\\Desktop\\projects\\SysTasks\\calculator\\multiplication.js","statementMap":{"0":{"start":{"line":1,"column":0},"end":{"line":1,"column":32}},"1":{"start":{"line":11,"column":4},"end":{"line":11,"column":23}}},"fnMap":{"0":{"name":"multiplication","decl":{"start":{"line":10,"column":9},"end":{"line":10,"column":23}},"loc":{"start":{"line":10,"column":35},"end":{"line":12,"column":1}},"line":10}},"branchMap":{},"s":{"0":1,"1":4},"f":{"0":4},"b":{},"_coverageSchema":"1a1c01bbd47fc00a2c39e90264f33305004495a9","hash":"5061be633e195fa9150b9b621ca3a90d64193f1e"}
}
